<?xml version="1.0" encoding="UTF-8"?>
<testsuite name="GrammarTests" tests="4" skipped="0" failures="0" errors="0" timestamp="2023-04-09T16:45:56" hostname="LAPTOP-8N9V1NLE" time="0.025">
  <properties/>
  <testcase name="list of empty rules()" classname="GrammarTests" time="0.022"/>
  <testcase name="associated binary rules left()" classname="GrammarTests" time="0.0"/>
  <testcase name="associated unary rules()" classname="GrammarTests" time="0.0"/>
  <testcase name="associated binary rules right()" classname="GrammarTests" time="0.0"/>
  <system-out><![CDATA[]]></system-out>
  <system-err><![CDATA[]]></system-err>
</testsuite>
