<?xml version="1.0" encoding="UTF-8"?>
<testsuite name="CFLTests" tests="9" skipped="0" failures="0" errors="0" timestamp="2023-04-09T16:45:56" hostname="LAPTOP-8N9V1NLE" time="0.066">
  <properties/>
  <testcase name="grammar with unary rules()" classname="CFLTests" time="0.027"/>
  <testcase name="grammar with binary rules complex labels()" classname="CFLTests" time="0.004"/>
  <testcase name="grammar with empty rules()" classname="CFLTests" time="0.021"/>
  <testcase name="grammar with binary rules complex labels #2()" classname="CFLTests" time="0.002"/>
  <testcase name="grammar with binary rules complex labels #3()" classname="CFLTests" time="0.001"/>
  <testcase name="grammar with binary rules three step()" classname="CFLTests" time="0.001"/>
  <testcase name="grammar with binary rules two step()" classname="CFLTests" time="0.001"/>
  <testcase name="java grammar()" classname="CFLTests" time="0.003"/>
  <testcase name="grammar with binary rules one step()" classname="CFLTests" time="0.0"/>
  <system-out><![CDATA[]]></system-out>
  <system-err><![CDATA[]]></system-err>
</testsuite>
