<?xml version="1.0" encoding="UTF-8"?>
<testsuite name="LabelTests" tests="2" skipped="0" failures="0" errors="0" timestamp="2023-04-09T16:45:57" hostname="LAPTOP-8N9V1NLE" time="0.002">
  <properties/>
  <testcase name="combine extras()" classname="LabelTests" time="0.001"/>
  <testcase name="labels equals()" classname="LabelTests" time="0.001"/>
  <system-out><![CDATA[]]></system-out>
  <system-err><![CDATA[]]></system-err>
</testsuite>
